Input/output error at line 2 in user-defined function section "webui::PROIsInitialized".
The user function library C:\Users\ahfat\AppData\Local\AIMMS\PRO\\AimmsProLibrary-2.0\x64\AimmsPROClient.dll cannot be found.
Input/output error at line 2 in user-defined function section "webui::PROIsInitialized".
The library C:\Users\ahfat\AppData\Local\AIMMS\PRO\\AimmsProLibrary-2.0\x64\AimmsPROClient.dll has not been loaded because: Error loading library : The parameter is incorrect.
Execution error at line 2 in user-defined function section "webui::PROIsInitialized".
The dll for external procedure "pro::management::IsInitialized" has not been found.
Input/output error at line 2 in user-defined function section "webui::PROIsInitialized".
The user function library C:\Users\ahfat\AppData\Local\AIMMS\PRO\\AimmsProLibrary-2.0\x64\AimmsPROClient.dll cannot be found.
Input/output error at line 2 in user-defined function section "webui::PROIsInitialized".
The library C:\Users\ahfat\AppData\Local\AIMMS\PRO\\AimmsProLibrary-2.0\x64\AimmsPROClient.dll has not been loaded because: Error loading library : The parameter is incorrect.
Execution error at line 2 in user-defined function section "webui::PROIsInitialized".
The dll for external procedure "pro::management::IsInitialized" has not been found.
Input/output error at line 2 in user-defined function section "webui::PROIsInitialized".
The user function library C:\Users\ahfat\AppData\Local\AIMMS\PRO\\AimmsProLibrary-2.0\x64\AimmsPROClient.dll cannot be found.
Input/output error at line 2 in user-defined function section "webui::PROIsInitialized".
The library C:\Users\ahfat\AppData\Local\AIMMS\PRO\\AimmsProLibrary-2.0\x64\AimmsPROClient.dll has not been loaded because: Error loading library : The parameter is incorrect.
Execution error at line 2 in user-defined function section "webui::PROIsInitialized".
The dll for external procedure "pro::management::IsInitialized" has not been found.
Input/output error at line 2 in user-defined function section "webui::PROIsInitialized".
The user function library C:\Users\ahfat\AppData\Local\AIMMS\PRO\\AimmsProLibrary-2.0\x64\AimmsPROClient.dll cannot be found.
Input/output error at line 2 in user-defined function section "webui::PROIsInitialized".
The library C:\Users\ahfat\AppData\Local\AIMMS\PRO\\AimmsProLibrary-2.0\x64\AimmsPROClient.dll has not been loaded because: Error loading library : The parameter is incorrect.
Execution error at line 2 in user-defined function section "webui::PROIsInitialized".
The dll for external procedure "pro::management::IsInitialized" has not been found.
Input/output error at line 2 in user-defined function section "webui::PROIsInitialized".
The user function library C:\Users\ahfat\AppData\Local\AIMMS\PRO\\AimmsProLibrary-2.0\x64\AimmsPROClient.dll cannot be found.
Input/output error at line 2 in user-defined function section "webui::PROIsInitialized".
The library C:\Users\ahfat\AppData\Local\AIMMS\PRO\\AimmsProLibrary-2.0\x64\AimmsPROClient.dll has not been loaded because: Error loading library : The parameter is incorrect.
Execution error at line 2 in user-defined function section "webui::PROIsInitialized".
The dll for external procedure "pro::management::IsInitialized" has not been found.
A DataChangeMonitor with ID DataChangeMonitor001 does not exist.
Input/output error at line 2 in user-defined function section "webui::PROIsInitialized".
The user function library C:\Users\ahfat\AppData\Local\AIMMS\PRO\\AimmsProLibrary-2.0\x64\AimmsPROClient.dll cannot be found.
Input/output error at line 2 in user-defined function section "webui::PROIsInitialized".
The library C:\Users\ahfat\AppData\Local\AIMMS\PRO\\AimmsProLibrary-2.0\x64\AimmsPROClient.dll has not been loaded because: Error loading library : The parameter is incorrect.
Execution error at line 2 in user-defined function section "webui::PROIsInitialized".
The dll for external procedure "pro::management::IsInitialized" has not been found.
ReadList : Cell F26 in Types: Remaining rows are ignored after empty header cell.
ReadList : Cell H7 in Types: Remaining rows are ignored after empty header cell.
ReadList : Cell H7 in Types: Remaining rows are ignored after empty header cell.
ReadList : Cell K21 in Types: Remaining rows are ignored after empty header cell.
ReadList : Cell A124 in Activities: Remaining rows are ignored after empty header cell.
ReadList : Cell A124 in Activities: Remaining rows are ignored after empty header cell.
ReadList : Cell A124 in Activities: Remaining rows are ignored after empty header cell.
ReadList : Cell A124 in Activities: Remaining rows are ignored after empty header cell.
ReadList : Cell A124 in Activities: Remaining rows are ignored after empty header cell.
ReadList : Cell A124 in Activities: Remaining rows are ignored after empty header cell.
ReadList : Cell A124 in Activities: Remaining rows are ignored after empty header cell.
ReadTable : Cell A124 in Activities: Remaining rows are ignored after empty header cell.
ReadTable : Cell U3 in HourlyProfiles: Remaining columns are ignored after empty header cell.
ReadList : Cell A387 in Technologies: Remaining rows are ignored after empty header cell.
ReadList : Cell A387 in Technologies: Remaining rows are ignored after empty header cell.
ReadList : Cell A387 in Technologies: Remaining rows are ignored after empty header cell.
ReadList : Cell A387 in Technologies: Remaining rows are ignored after empty header cell.
ReadList : Cell A387 in Technologies: Remaining rows are ignored after empty header cell.
ReadList : Cell A387 in Technologies: Remaining rows are ignored after empty header cell.
ReadTable : Cell A387 in Technologies: Remaining rows are ignored after empty header cell.
ReadList : Cell A387 in Technologies: Remaining rows are ignored after empty header cell.
ReadTable : Cell A387 in Technologies: Remaining rows are ignored after empty header cell.
ReadTable : Cell A387 in Technologies: Remaining rows are ignored after empty header cell.
ReadList : Cell A387 in Technologies: Remaining rows are ignored after empty header cell.
ReadList : Cell A387 in Technologies: Remaining rows are ignored after empty header cell.
ReadList : Cell A387 in Technologies: Remaining rows are ignored after empty header cell.
ReadList : Cell A387 in Technologies: Remaining rows are ignored after empty header cell.
ReadList : Cell A387 in Technologies: Remaining rows are ignored after empty header cell.
ReadList : Cell A387 in Technologies: Remaining rows are ignored after empty header cell.
ReadList : Cell A387 in Technologies: Remaining rows are ignored after empty header cell.
ReadList : Cell A387 in Technologies: Remaining rows are ignored after empty header cell.
ReadList : Cell A387 in Technologies: Remaining rows are ignored after empty header cell.
ReadList : Cell A387 in Technologies: Remaining rows are ignored after empty header cell.
ReadList : Cell A387 in Technologies: Remaining rows are ignored after empty header cell.
ReadList : Cell A387 in Technologies: Remaining rows are ignored after empty header cell.
ReadList : Cell A387 in Technologies: Remaining rows are ignored after empty header cell.
ReadList : Cell A387 in Technologies: Remaining rows are ignored after empty header cell.
ReadList : Cell A387 in Technologies: Remaining rows are ignored after empty header cell.
ReadList : Cell A387 in Technologies: Remaining rows are ignored after empty header cell.
ReadList : Cell A387 in Technologies: Remaining rows are ignored after empty header cell.
ReadList : Cell A387 in Technologies: Remaining rows are ignored after empty header cell.
ReadList : Cell A387 in Technologies: Remaining rows are ignored after empty header cell.
ReadList : Cell A387 in Technologies: Remaining rows are ignored after empty header cell.
ReadList : Cell A387 in Technologies: Remaining rows are ignored after empty header cell.
ReadList : Cell A387 in Technologies: Remaining rows are ignored after empty header cell.
ReadList : Cell A387 in Technologies: Remaining rows are ignored after empty header cell.
ReadList : Cell A387 in Technologies: Remaining rows are ignored after empty header cell.
ReadList : Cell A387 in Technologies: Remaining rows are ignored after empty header cell.
ReadList : Cell A387 in Technologies: Remaining rows are ignored after empty header cell.
ReadList : Cell A387 in Technologies: Remaining rows are ignored after empty header cell.
ReadList : Cell A387 in Technologies: Remaining rows are ignored after empty header cell.
ReadList : Cell A387 in Technologies: Remaining rows are ignored after empty header cell.
ReadList : Cell A387 in Technologies: Remaining rows are ignored after empty header cell.
ReadList : Cell A387 in Technologies: Remaining rows are ignored after empty header cell.
ReadList : Cell A387 in Technologies: Remaining rows are ignored after empty header cell.
ReadList : Cell A387 in Technologies: Remaining rows are ignored after empty header cell.
ReadList : Cell A387 in Technologies: Remaining rows are ignored after empty header cell.
ReadList : Cell A387 in Technologies: Remaining rows are ignored after empty header cell.
ReadList : Cell A387 in Technologies: Remaining rows are ignored after empty header cell.
ReadTable : Cell A387 in Technologies: Remaining rows are ignored after empty header cell.
ReadTable : Cell A387 in Technologies: Remaining rows are ignored after empty header cell.
ReadTable : Cell A387 in Technologies: Remaining rows are ignored after empty header cell.
ReadTable : Cell A387 in EnergyBalance: Remaining rows are ignored after empty header cell.
ReadList : Cell A11 in Infrastructure: Remaining rows are ignored after empty header cell.
ReadList : Cell A11 in Infrastructure: Remaining rows are ignored after empty header cell.
ReadList : Cell A11 in Infrastructure: Remaining rows are ignored after empty header cell.
ReadList : Cell A11 in Infrastructure: Remaining rows are ignored after empty header cell.
ReadList : Cell A11 in Infrastructure: Remaining rows are ignored after empty header cell.
ReadTable : Cell A11 in Infrastructure: Remaining rows are ignored after empty header cell.
ReadList : Cell A11 in Infrastructure: Remaining rows are ignored after empty header cell.
ReadTable : Cell A11 in Infrastructure: Remaining rows are ignored after empty header cell.
ReadList : Cell A11 in Infrastructure: Remaining rows are ignored after empty header cell.
ReadList : Cell A11 in Infrastructure: Remaining rows are ignored after empty header cell.
ReadList : Cell A11 in Infrastructure: Remaining rows are ignored after empty header cell.
ReadList : Cell A11 in Infrastructure: Remaining rows are ignored after empty header cell.
ReadList : Cell A11 in Infrastructure: Remaining rows are ignored after empty header cell.
ReadList : Cell A11 in Infrastructure: Remaining rows are ignored after empty header cell.
ReadList : Cell A11 in Infrastructure: Remaining rows are ignored after empty header cell.
ReadList : Cell A11 in Infrastructure: Remaining rows are ignored after empty header cell.
ReadList : Cell A11 in Infrastructure: Remaining rows are ignored after empty header cell.
ReadTable : Cell A11 in Infrastructure: Remaining rows are ignored after empty header cell.
ReadTable : Cell A11 in Infrastructure: Remaining rows are ignored after empty header cell.
ReadTable : Cell A11 in Infrastructure: Remaining rows are ignored after empty header cell.
ReadList : Cell A4 in ActGrouping: Remaining rows are ignored after empty header cell.
ReadList : Cell A4 in ActGrouping: Remaining rows are ignored after empty header cell.
ReadList : Cell A4 in ActGrouping: Remaining rows are ignored after empty header cell.
ReadList : Cell A4 in ActGrouping: Remaining rows are ignored after empty header cell.
ReadList : Cell A4 in ActGrouping: Remaining rows are ignored after empty header cell.
ReadTable : Cell H4 in ActGrouping: Remaining rows are ignored after empty header cell.
ReadTable : Cell C35 in EffLearning: Remaining rows are ignored after empty header cell.
ReadList : Cell C57 in Feedstocks: Remaining rows are ignored after empty header cell.
ReadList : Cell A122 in Retrofitting: Remaining rows are ignored after empty header cell.
Input/output error at line 7 in user-defined function section "pro::LibraryTermination".
The user function library C:\Users\ahfat\AppData\Local\AIMMS\PRO\\AimmsProLibrary-2.0\x64\AimmsPROClient.dll cannot be found.
Input/output error at line 7 in user-defined function section "pro::LibraryTermination".
The library C:\Users\ahfat\AppData\Local\AIMMS\PRO\\AimmsProLibrary-2.0\x64\AimmsPROClient.dll has not been loaded because: Error loading library : The parameter is incorrect.
Execution error at line 7 in user-defined function section "pro::LibraryTermination".
The dll for external procedure "pro::management::IsInitialized" has not been found.
